<?xml version="1.0" encoding="UTF-8"?>
<!-- Generated by org.testng.reporters.JUnitReportReporter -->
<testsuite name="gov.mst.automation.ica.smoke.IndustrialInjuryFormSubmission" tests="1" time="10.731" ignored="0" failures="0" timestamp="25 Jan 2019 09:13:44 GMT" skipped="0" hostname="MSTSYS0093" errors="0">
  <testcase name="industrialInjuryFormLinkVerification" time="10.731" classname="gov.mst.automation.ica.smoke.IndustrialInjuryFormSubmission"/>
</testsuite> <!-- gov.mst.automation.ica.smoke.IndustrialInjuryFormSubmission -->
