<?xml version="1.0" encoding="UTF-8"?>
<!-- Generated by org.testng.reporters.JUnitReportReporter -->
<testsuite name="gov.mst.automation.ica.email.EmailVerify" tests="1" time="5.816" ignored="0" failures="0" timestamp="10 Dec 2018 11:06:34 GMT" skipped="0" hostname="MSTSYS0093" errors="1">
  <testcase name="emailVerify" time="5.816" classname="gov.mst.automation.ica.email.EmailVerify">
    <error type="java.lang.NullPointerException">
      <![CDATA[java.lang.NullPointerException
	at javax.mail.internet.ParameterList.set(ParameterList.java:563)
	at com.sun.mail.imap.protocol.BODYSTRUCTURE.parseParameters(BODYSTRUCTURE.java:404)
	at com.sun.mail.imap.protocol.BODYSTRUCTURE.<init>(BODYSTRUCTURE.java:224)
	at com.sun.mail.imap.protocol.BODYSTRUCTURE.<init>(BODYSTRUCTURE.java:109)
	at com.sun.mail.imap.protocol.FetchResponse.parseItem(FetchResponse.java:198)
	at com.sun.mail.imap.protocol.FetchResponse.parse(FetchResponse.java:164)
	at com.sun.mail.imap.protocol.FetchResponse.<init>(FetchResponse.java:92)
	at com.sun.mail.imap.protocol.IMAPProtocol.readResponse(IMAPProtocol.java:288)
	at com.sun.mail.iap.Protocol.command(Protocol.java:313)
	at com.sun.mail.imap.protocol.IMAPProtocol.fetch(IMAPProtocol.java:1543)
	at com.sun.mail.imap.protocol.IMAPProtocol.fetch(IMAPProtocol.java:1535)
	at com.sun.mail.imap.protocol.IMAPProtocol.fetchBodyStructure(IMAPProtocol.java:1235)
	at com.sun.mail.imap.IMAPMessage.loadBODYSTRUCTURE(IMAPMessage.java:1294)
	at com.sun.mail.imap.IMAPMessage.getDataHandler(IMAPMessage.java:639)
	at javax.mail.internet.MimeMessage.getContent(MimeMessage.java:1502)
	at gov.mst.automation.ica.email.EmailVerify.emailVerify(EmailVerify.java:58)
	at sun.reflect.NativeMethodAccessorImpl.invoke0(Native Method)
	at sun.reflect.NativeMethodAccessorImpl.invoke(Unknown Source)
	at sun.reflect.DelegatingMethodAccessorImpl.invoke(Unknown Source)
	at java.lang.reflect.Method.invoke(Unknown Source)
	at org.testng.internal.MethodInvocationHelper.invokeMethod(MethodInvocationHelper.java:104)
	at org.testng.internal.Invoker.invokeMethod(Invoker.java:645)
	at org.testng.internal.Invoker.invokeTestMethod(Invoker.java:851)
	at org.testng.internal.Invoker.invokeTestMethods(Invoker.java:1177)
	at org.testng.internal.TestMethodWorker.invokeTestMethods(TestMethodWorker.java:129)
	at org.testng.internal.TestMethodWorker.run(TestMethodWorker.java:112)
	at org.testng.TestRunner.privateRun(TestRunner.java:756)
	at org.testng.TestRunner.run(TestRunner.java:610)
	at org.testng.SuiteRunner.runTest(SuiteRunner.java:387)
	at org.testng.SuiteRunner.runSequentially(SuiteRunner.java:382)
	at org.testng.SuiteRunner.privateRun(SuiteRunner.java:340)
	at org.testng.SuiteRunner.run(SuiteRunner.java:289)
	at org.testng.SuiteRunnerWorker.runSuite(SuiteRunnerWorker.java:52)
	at org.testng.SuiteRunnerWorker.run(SuiteRunnerWorker.java:86)
	at org.testng.TestNG.runSuitesSequentially(TestNG.java:1293)
	at org.testng.TestNG.runSuitesLocally(TestNG.java:1218)
	at org.testng.TestNG.runSuites(TestNG.java:1133)
	at org.testng.TestNG.run(TestNG.java:1104)
	at org.testng.remote.AbstractRemoteTestNG.run(AbstractRemoteTestNG.java:114)
	at org.testng.remote.RemoteTestNG.initAndRun(RemoteTestNG.java:251)
	at org.testng.remote.RemoteTestNG.main(RemoteTestNG.java:77)
]]>
    </error>
  </testcase> <!-- emailVerify -->
</testsuite> <!-- gov.mst.automation.ica.email.EmailVerify -->
