<?xml version="1.0" encoding="UTF-8"?>
<!-- Generated by org.testng.reporters.JUnitReportReporter -->
<testsuite name="gov.mst.automation.ica.smoke.IndustrialInjuryFormSubmission" tests="2" time="230.936" ignored="0" failures="0" timestamp="07 Jan 2019 13:20:59 GMT" skipped="0" hostname="MSTSYS0093" errors="1">
  <testcase name="industrialInjuryFormValidation" time="230.936" classname="gov.mst.automation.ica.smoke.IndustrialInjuryFormSubmission"/>
  <testcase name="tearDown" time="0.000" classname="gov.mst.automation.ica.smoke.IndustrialInjuryFormSubmission">
    <error type="java.lang.RuntimeException" message="javax.mail.MessagingException: IOException while sending message;
  nested exception is:
	java.io.FileNotFoundException: src\test\resources\report\report.html (The system cannot find the path specified)">
      <![CDATA[java.lang.RuntimeException: javax.mail.MessagingException: IOException while sending message;
  nested exception is:
	java.io.FileNotFoundException: src\test\resources\report\report.html (The system cannot find the path specified)
	at gov.mst.automation.ica.emails.EmailReport.send_report(EmailReport.java:65)
	at gov.mst.automation.ica.basetest.BaseTest.tearDown(BaseTest.java:58)
	at sun.reflect.NativeMethodAccessorImpl.invoke0(Native Method)
	at sun.reflect.NativeMethodAccessorImpl.invoke(Unknown Source)
	at sun.reflect.DelegatingMethodAccessorImpl.invoke(Unknown Source)
	at java.lang.reflect.Method.invoke(Unknown Source)
	at org.testng.internal.MethodInvocationHelper.invokeMethod(MethodInvocationHelper.java:104)
	at org.testng.internal.Invoker.invokeConfigurationMethod(Invoker.java:515)
	at org.testng.internal.Invoker.invokeConfigurations(Invoker.java:217)
	at org.testng.internal.Invoker.invokeConfigurations(Invoker.java:144)
	at org.testng.SuiteRunner.privateRun(SuiteRunner.java:357)
	at org.testng.SuiteRunner.run(SuiteRunner.java:289)
	at org.testng.SuiteRunnerWorker.runSuite(SuiteRunnerWorker.java:52)
	at org.testng.SuiteRunnerWorker.run(SuiteRunnerWorker.java:86)
	at org.testng.TestNG.runSuitesSequentially(TestNG.java:1293)
	at org.testng.TestNG.runSuitesLocally(TestNG.java:1218)
	at org.testng.TestNG.runSuites(TestNG.java:1133)
	at org.testng.TestNG.run(TestNG.java:1104)
	at org.testng.remote.AbstractRemoteTestNG.run(AbstractRemoteTestNG.java:114)
	at org.testng.remote.RemoteTestNG.initAndRun(RemoteTestNG.java:251)
	at org.testng.remote.RemoteTestNG.main(RemoteTestNG.java:77)
Caused by: javax.mail.MessagingException: IOException while sending message;
  nested exception is:
	java.io.FileNotFoundException: src\test\resources\report\report.html (The system cannot find the path specified)
	at com.sun.mail.smtp.SMTPTransport.sendMessage(SMTPTransport.java:1167)
	at javax.mail.Transport.send0(Transport.java:195)
	at javax.mail.Transport.send(Transport.java:124)
	at gov.mst.automation.ica.emails.EmailReport.send_report(EmailReport.java:63)
	... 20 more
Caused by: java.io.FileNotFoundException: src\test\resources\report\report.html (The system cannot find the path specified)
	at java.io.FileInputStream.open0(Native Method)
	at java.io.FileInputStream.open(Unknown Source)
	at java.io.FileInputStream.<init>(Unknown Source)
	at javax.activation.FileDataSource.getInputStream(Unknown Source)
	at javax.activation.DataHandler.writeTo(Unknown Source)
	at javax.mail.internet.MimeBodyPart.writeTo(MimeBodyPart.java:1485)
	at javax.mail.internet.MimeBodyPart.writeTo(MimeBodyPart.java:865)
	at javax.mail.internet.MimeMultipart.writeTo(MimeMultipart.java:462)
	at com.sun.mail.handlers.multipart_mixed.writeTo(multipart_mixed.java:103)
	at javax.activation.ObjectDataContentHandler.writeTo(Unknown Source)
	at javax.activation.DataHandler.writeTo(Unknown Source)
	at javax.mail.internet.MimeBodyPart.writeTo(MimeBodyPart.java:1485)
	at javax.mail.internet.MimeMessage.writeTo(MimeMessage.java:1773)
	at com.sun.mail.smtp.SMTPTransport.sendMessage(SMTPTransport.java:1119)
	... 23 more
]]>
    </error>
  </testcase> <!-- tearDown -->
</testsuite> <!-- gov.mst.automation.ica.smoke.IndustrialInjuryFormSubmission -->
