<?xml version="1.0" encoding="UTF-8"?>
<!-- Generated by org.testng.reporters.JUnitReportReporter -->
<testsuite name="gov.mst.automation.ica.excelutility.DataUtils" tests="1" time="0.620" ignored="0" failures="0" timestamp="10 Dec 2018 07:01:33 GMT" skipped="0" hostname="MSTSYS0093" errors="0">
  <testcase name="test" time="0.620" classname="gov.mst.automation.ica.excelutility.DataUtils"/>
</testsuite> <!-- gov.mst.automation.ica.excelutility.DataUtils -->
