<?xml version="1.0" encoding="UTF-8"?>
<!-- Generated by org.testng.reporters.JUnitReportReporter -->
<testsuite name="gov.mst.automation.ica.executionpage.MAWASmokesuite1" tests="1" time="35.248" ignored="0" failures="0" timestamp="07 Jan 2019 07:08:11 GMT" skipped="0" hostname="MSTSYS0093" errors="0">
  <testcase name="executionPage" time="35.248" classname="gov.mst.automation.ica.executionpage.MAWASmokesuite1"/>
</testsuite> <!-- gov.mst.automation.ica.executionpage.MAWASmokesuite1 -->
