<?xml version="1.0" encoding="UTF-8"?>
<!-- Generated by org.testng.reporters.JUnitReportReporter -->
<testsuite name="gov.mst.automation.ica.smoke.IndustrialInjuryFormSubmission" tests="1" time="10.607" ignored="0" failures="0" timestamp="09 Jan 2019 12:06:12 GMT" skipped="0" hostname="MSTSYS0093" errors="0">
  <testcase name="industrialInjuryFormValidation" time="10.607" classname="gov.mst.automation.ica.smoke.IndustrialInjuryFormSubmission"/>
</testsuite> <!-- gov.mst.automation.ica.smoke.IndustrialInjuryFormSubmission -->
