<?xml version="1.0" encoding="UTF-8"?>
<!-- Generated by org.testng.reporters.JUnitReportReporter -->
<testsuite name="gov.mst.automation.ica.executionpage.Execution" tests="1" time="50.150" ignored="0" failures="0" timestamp="03 Dec 2018 10:09:43 GMT" skipped="0" hostname="MSTSYS0093" errors="0">
  <testcase name="executionPage" time="50.150" classname="gov.mst.automation.ica.executionpage.Execution"/>
</testsuite> <!-- gov.mst.automation.ica.executionpage.Execution -->
