<?xml version="1.0" encoding="UTF-8"?>
<!-- Generated by org.testng.reporters.JUnitReportReporter -->
<testsuite name="gov.mst.automation.ica.executionpage.Execution" tests="1" time="22.935" ignored="0" failures="0" timestamp="28 Nov 2018 13:33:47 GMT" skipped="0" hostname="MSTSYS0093" errors="0">
  <testcase name="executionPage" time="22.935" classname="gov.mst.automation.ica.executionpage.Execution"/>
</testsuite> <!-- gov.mst.automation.ica.executionpage.Execution -->
