<?xml version="1.0" encoding="UTF-8"?>
<!-- Generated by org.testng.reporters.JUnitReportReporter -->
<testsuite name="gov.mst.automation.ica.executionpage.Execution" tests="1" time="51.946" ignored="0" failures="0" timestamp="30 Nov 2018 11:40:24 GMT" skipped="0" hostname="MSTSYS0093" errors="0">
  <testcase name="executionPage" time="51.946" classname="gov.mst.automation.ica.executionpage.Execution"/>
</testsuite> <!-- gov.mst.automation.ica.executionpage.Execution -->
